#
# A fatal error has been detected by the Java Runtime Environment:
#
#  EXCEPTION_ACCESS_VIOLATION (0xc0000005) at pc=0x000000003ab3fbb9, pid=5256, tid=10320
#
# JRE version: Java(TM) SE Runtime Environment (8.0_45-b14) (build 1.8.0_45-b14)
# Java VM: Java HotSpot(TM) 64-Bit Server VM (25.45-b02 mixed mode windows-amd64 compressed oops)
# Problematic frame:
# C  0x000000003ab3fbb9
#
# Failed to write core dump. Minidumps are not enabled by default on client versions of Windows
#
# If you would like to submit a bug report, please visit:
#   http://bugreport.java.com/bugreport/crash.jsp
# The crash happened outside the Java Virtual Machine in native code.
# See problematic frame for where to report the bug.
#

---------------  T H R E A D  ---------------

Current thread (0x000000002a282000):  JavaThread "Thread-5" [_thread_in_native, id=10320, stack(0x00000000366e0000,0x00000000367e0000)]

siginfo: ExceptionCode=0xc0000005, reading address 0x0000000000000000

Registers:
RAX=0x000000003e62e940, RBX=0x000000003a910000, RCX=0x0000000000000000, RDX=0x0000000000000190
RSP=0x00000000367deaa0, RBP=0x000000003a9cd040, RSI=0x0000000000000000, RDI=0x0000000000000000
R8 =0x0000000000000000, R9 =0x0000000000000190, R10=0x000000003a9cd040, R11=0x0000000000000000
R12=0x0000000000000000, R13=0x0000000000000000, R14=0x0000000000000007, R15=0x000000003e62e940
RIP=0x000000003ab3fbb9, EFLAGS=0x0000000000010206

Top of Stack: (sp=0x00000000367deaa0)
0x00000000367deaa0:   000000003e2bf1e4 0000000000000000
0x00000000367deab0:   0000000000000190 000000003a910000
0x00000000367deac0:   000000003a9cd040 00000000553cf839
0x00000000367dead0:   000000003a910000 000000003a9cd040
0x00000000367deae0:   0000000000000190 000000003a910000
0x00000000367deaf0:   00000000367debb0 0000000000000000
0x00000000367deb00:   0000000000000000 000000003a967790
0x00000000367deb10:   0000000000000007 000000003a9cd040
0x00000000367deb20:   0000000000000190 0000000000000000
0x00000000367deb30:   000000003a910000 00000000553cc31d
0x00000000367deb40:   0000000000000000 0000000000000007
0x00000000367deb50:   0000000005b4b901 0000000000000000
0x00000000367deb60:   0000000000100002 0080000000000000
0x00000000367deb70:   0000000000000190 00000000553cc57b
0x00000000367deb80:   000000003a910000 000000003a967790
0x00000000367deb90:   000000003a9cd040 0000000000000007 

Instructions: (pc=0x000000003ab3fbb9)
0x000000003ab3fb99:   8b d9 48 8b c2 49 8b c8 49 8b d1 48 be 68 82 96
0x000000003ab3fba9:   3a 00 00 00 00 48 8b 36 48 8b 76 08 48 8d 34 ce
0x000000003ab3fbb9:   8b 3e 8b 6e 04 89 38 89 68 04 48 be 68 82 96 3a
0x000000003ab3fbc9:   00 00 00 00 48 8b 36 48 8b 76 68 48 8b f9 48 c1 


Register to memory mapping:

RAX=0x000000003e62e940 is an unknown value
RBX=0x000000003a910000 is an unknown value
RCX=0x0000000000000000 is an unknown value
RDX=0x0000000000000190 is an unknown value
RSP=0x00000000367deaa0 is pointing into the stack for thread: 0x000000002a282000
RBP=0x000000003a9cd040 is an unknown value
RSI=0x0000000000000000 is an unknown value
RDI=0x0000000000000000 is an unknown value
R8 =0x0000000000000000 is an unknown value
R9 =0x0000000000000190 is an unknown value
R10=0x000000003a9cd040 is an unknown value
R11=0x0000000000000000 is an unknown value
R12=0x0000000000000000 is an unknown value
R13=0x0000000000000000 is an unknown value
R14=0x0000000000000007 is an unknown value
R15=0x000000003e62e940 is an unknown value


Stack: [0x00000000366e0000,0x00000000367e0000],  sp=0x00000000367deaa0,  free space=1018k
Native frames: (J=compiled Java code, j=interpreted, Vv=VM code, C=native code)
C  0x000000003ab3fbb9

Java frames: (J=compiled Java code, j=interpreted, Vv=VM code)
J 3164  org.lwjgl.opengl.GL11.nglDrawArrays(IIIJ)V (0 bytes) @ 0x0000000005cad20e [0x0000000005cad1c0+0x4e]
J 2765 C1 com.base.engine.rendering.buffers.VBOHandler.masterRenderMethod(IIIILcom/base/common/resources/Callback;)V (137 bytes) @ 0x0000000005b50a9c [0x0000000005b4b7a0+0x52fc]
J 2764 C1 com.base.engine.rendering.buffers.VBOHandler.access$2(IIIILcom/base/common/resources/Callback;)V (10 bytes) @ 0x0000000005b4a15c [0x0000000005b4a100+0x5c]
j  com.base.engine.rendering.buffers.VBOHandler$VBOBarChartRenderer.render(ILcom/base/common/resources/Callback;)V+12
J 2913 C1 com.base.engine.rendering.buffers.VBOHandler.renderBuffer(Ljava/lang/String;I)V (122 bytes) @ 0x0000000005bce664 [0x0000000005bcd980+0xce4]
J 2768 C1 com.base.engine.rendering.buffers.GraphicBufferUitl.handleGraphicsData(Ljava/lang/Object;Lcom/base/common/IRenderer;II)V (121 bytes) @ 0x0000000005b634ec [0x0000000005b60a20+0x2acc]
j  com.base.engine.rendering.ViewportRenderer.render(Lcom/base/engine/Engine;[Lcom/base/engine/Camera;[[Lcom/base/common/IRenderer;[F)V+454
j  com.base.engine.Engine.render()V+24
j  com.base.engine.Engine.gameLoop()V+17
j  com.base.engine.Engine.access$3(Lcom/base/engine/Engine;)V+1
j  com.base.engine.Engine$1.run()V+64
v  ~StubRoutines::call_stub

---------------  P R O C E S S  ---------------

Java Threads: ( => current thread )
  0x000000002a284000 JavaThread "Keep-Alive-Timer" daemon [_thread_blocked, id=7536, stack(0x000000003ff70000,0x0000000040070000)]
  0x000000002a281000 JavaThread "TimerQueue" daemon [_thread_blocked, id=12720, stack(0x000000003fb50000,0x000000003fc50000)]
  0x000000002a285000 JavaThread "LWJGL Timer" daemon [_thread_blocked, id=15172, stack(0x000000003d720000,0x000000003d820000)]
  0x000000002a282800 JavaThread "D3D Screen Updater" daemon [_thread_blocked, id=18388, stack(0x0000000037060000,0x0000000037160000)]
  0x000000002a287000 JavaThread "DestroyJavaVM" [_thread_blocked, id=5096, stack(0x0000000005020000,0x0000000005120000)]
=>0x000000002a282000 JavaThread "Thread-5" [_thread_in_native, id=10320, stack(0x00000000366e0000,0x00000000367e0000)]
  0x000000002b9a8800 JavaThread "Prism Font Disposer" daemon [_thread_blocked, id=15000, stack(0x00000000354d0000,0x00000000355d0000)]
  0x000000002b6f1800 JavaThread "Thread-3" daemon [_thread_in_native, id=5388, stack(0x0000000032e60000,0x0000000032f60000)]
  0x000000002b6b7000 JavaThread "JavaFX Application Thread" [_thread_in_native, id=12380, stack(0x0000000032360000,0x0000000032460000)]
  0x000000002b6b6800 JavaThread "Thread-2" daemon [_thread_blocked, id=13984, stack(0x0000000032260000,0x0000000032360000)]
  0x000000002b789000 JavaThread "QuantumRenderer-0" daemon [_thread_blocked, id=10904, stack(0x0000000032160000,0x0000000032260000)]
  0x000000002b3e9000 JavaThread "AWT-EventQueue-0" [_thread_blocked, id=18088, stack(0x0000000031a60000,0x0000000031b60000)]
  0x000000002b235000 JavaThread "AWT-Windows" daemon [_thread_in_native, id=8180, stack(0x000000002bbf0000,0x000000002bcf0000)]
  0x000000002b232800 JavaThread "AWT-Shutdown" [_thread_blocked, id=8156, stack(0x000000002baf0000,0x000000002bbf0000)]
  0x000000002b23f000 JavaThread "Java2D Disposer" daemon [_thread_blocked, id=11776, stack(0x000000002b9f0000,0x000000002baf0000)]
  0x000000002a301800 JavaThread "Service Thread" daemon [_thread_blocked, id=9124, stack(0x000000002ac40000,0x000000002ad40000)]
  0x000000002a280800 JavaThread "C1 CompilerThread3" daemon [_thread_blocked, id=9916, stack(0x000000002ab40000,0x000000002ac40000)]
  0x000000002a27b800 JavaThread "C2 CompilerThread2" daemon [_thread_blocked, id=15336, stack(0x000000002aa40000,0x000000002ab40000)]
  0x000000002a270000 JavaThread "C2 CompilerThread1" daemon [_thread_blocked, id=3956, stack(0x000000002a940000,0x000000002aa40000)]
  0x000000002a26b800 JavaThread "C2 CompilerThread0" daemon [_thread_blocked, id=8620, stack(0x000000002a840000,0x000000002a940000)]
  0x000000002a26a000 JavaThread "Attach Listener" daemon [_thread_blocked, id=7304, stack(0x000000002a740000,0x000000002a840000)]
  0x000000002826d800 JavaThread "Signal Dispatcher" daemon [_thread_blocked, id=17196, stack(0x000000002a640000,0x000000002a740000)]
  0x00000000052da000 JavaThread "Finalizer" daemon [_thread_blocked, id=16580, stack(0x000000002a140000,0x000000002a240000)]
  0x00000000052d3000 JavaThread "Reference Handler" daemon [_thread_blocked, id=12476, stack(0x000000002a040000,0x000000002a140000)]

Other Threads:
  0x0000000028259800 VMThread [stack: 0x0000000029f40000,0x000000002a040000] [id=12604]
  0x000000002a30b000 WatcherThread [stack: 0x000000002ad40000,0x000000002ae40000] [id=14976]

VM state:not at safepoint (normal execution)

VM Mutex/Monitor currently owned by a thread: None

Heap:
 PSYoungGen      total 153088K, used 60615K [0x0000000715f00000, 0x0000000720980000, 0x00000007c0000000)
  eden space 131584K, 46% used [0x0000000715f00000,0x0000000719a31c68,0x000000071df80000)
  from space 21504K, 0% used [0x000000071df80000,0x000000071df80000,0x000000071f480000)
  to   space 21504K, 0% used [0x000000071f480000,0x000000071f480000,0x0000000720980000)
 ParOldGen       total 244736K, used 5500K [0x00000005c1c00000, 0x00000005d0b00000, 0x0000000715f00000)
  object space 244736K, 2% used [0x00000005c1c00000,0x00000005c215f3c8,0x00000005d0b00000)
 Metaspace       used 26518K, capacity 27296K, committed 27520K, reserved 1073152K
  class space    used 3748K, capacity 3929K, committed 3968K, reserved 1048576K

Card table byte_map: [0x00000000146a0000,0x00000000156a0000] byte_map_base: 0x0000000011892000

Marking Bits: (ParMarkBitMap*) 0x0000000057404040
 Begin Bits: [0x0000000016950000, 0x000000001e8e0000)
 End Bits:   [0x000000001e8e0000, 0x0000000026870000)

Polling page: 0x0000000003800000

CodeCache: size=245760Kb used=10603Kb max_used=10606Kb free=235157Kb
 bounds [0x00000000052e0000, 0x0000000005d50000, 0x00000000142e0000]
 total_blobs=4246 nmethods=3375 adapters=782
 compilation: enabled

Compilation events (10 events):
Event: 6.200 Thread 0x000000002a26b800 3370       4       java.nio.DirectFloatBufferU::put (154 bytes)
Event: 6.200 Thread 0x000000002a27b800 3369       4       java.nio.FloatBuffer::put (9 bytes)
Event: 6.200 Thread 0x000000002a280800 nmethod 3366 0x0000000005d40a90 code [0x0000000005d40d60, 0x0000000005d421b8]
Event: 6.200 Thread 0x000000002a280800 3367       1       com.base.common.resources.DataElement::getTime (5 bytes)
Event: 6.201 Thread 0x000000002a270000 nmethod 3368 0x0000000005d21790 code [0x0000000005d21900, 0x0000000005d219f8]
Event: 6.201 Thread 0x000000002a280800 nmethod 3367 0x0000000005d38e50 code [0x0000000005d38fa0, 0x0000000005d390b0]
Event: 6.201 Thread 0x000000002a26b800 nmethod 3370 0x0000000005d40450 code [0x0000000005d405a0, 0x0000000005d407f8]
Event: 6.201 Thread 0x000000002a27b800 nmethod 3369 0x0000000005d32c10 code [0x0000000005d32d60, 0x0000000005d32f58]
Event: 6.201 Thread 0x000000002a280800 3371       3       java.nio.ByteBuffer::hasArray (20 bytes)
Event: 6.202 Thread 0x000000002a280800 nmethod 3371 0x0000000005d2d690 code [0x0000000005d2d7e0, 0x0000000005d2d9d0]

GC Heap History (4 events):
Event: 0.703 GC heap before
{Heap before GC invocations=1 (full 0):
 PSYoungGen      total 153088K, used 55266K [0x0000000715f00000, 0x0000000720980000, 0x00000007c0000000)
  eden space 131584K, 42% used [0x0000000715f00000,0x00000007194f8a50,0x000000071df80000)
  from space 21504K, 0% used [0x000000071f480000,0x000000071f480000,0x0000000720980000)
  to   space 21504K, 0% used [0x000000071df80000,0x000000071df80000,0x000000071f480000)
 ParOldGen       total 349696K, used 0K [0x00000005c1c00000, 0x00000005d7180000, 0x0000000715f00000)
  object space 349696K, 0% used [0x00000005c1c00000,0x00000005c1c00000,0x00000005d7180000)
 Metaspace       used 20602K, capacity 21174K, committed 21248K, reserved 1067008K
  class space    used 3121K, capacity 3293K, committed 3328K, reserved 1048576K
Event: 0.708 GC heap after
Heap after GC invocations=1 (full 0):
 PSYoungGen      total 153088K, used 5616K [0x0000000715f00000, 0x0000000720980000, 0x00000007c0000000)
  eden space 131584K, 0% used [0x0000000715f00000,0x0000000715f00000,0x000000071df80000)
  from space 21504K, 26% used [0x000000071df80000,0x000000071e4fc030,0x000000071f480000)
  to   space 21504K, 0% used [0x000000071f480000,0x000000071f480000,0x0000000720980000)
 ParOldGen       total 349696K, used 24K [0x00000005c1c00000, 0x00000005d7180000, 0x0000000715f00000)
  object space 349696K, 0% used [0x00000005c1c00000,0x00000005c1c06000,0x00000005d7180000)
 Metaspace       used 20602K, capacity 21174K, committed 21248K, reserved 1067008K
  class space    used 3121K, capacity 3293K, committed 3328K, reserved 1048576K
}
Event: 0.708 GC heap before
{Heap before GC invocations=2 (full 1):
 PSYoungGen      total 153088K, used 5616K [0x0000000715f00000, 0x0000000720980000, 0x00000007c0000000)
  eden space 131584K, 0% used [0x0000000715f00000,0x0000000715f00000,0x000000071df80000)
  from space 21504K, 26% used [0x000000071df80000,0x000000071e4fc030,0x000000071f480000)
  to   space 21504K, 0% used [0x000000071f480000,0x000000071f480000,0x0000000720980000)
 ParOldGen       total 349696K, used 24K [0x00000005c1c00000, 0x00000005d7180000, 0x0000000715f00000)
  object space 349696K, 0% used [0x00000005c1c00000,0x00000005c1c06000,0x00000005d7180000)
 Metaspace       used 20602K, capacity 21174K, committed 21248K, reserved 1067008K
  class space    used 3121K, capacity 3293K, committed 3328K, reserved 1048576K
Event: 0.727 GC heap after
Heap after GC invocations=2 (full 1):
 PSYoungGen      total 153088K, used 0K [0x0000000715f00000, 0x0000000720980000, 0x00000007c0000000)
  eden space 131584K, 0% used [0x0000000715f00000,0x0000000715f00000,0x000000071df80000)
  from space 21504K, 0% used [0x000000071df80000,0x000000071df80000,0x000000071f480000)
  to   space 21504K, 0% used [0x000000071f480000,0x000000071f480000,0x0000000720980000)
 ParOldGen       total 244736K, used 5500K [0x00000005c1c00000, 0x00000005d0b00000, 0x0000000715f00000)
  object space 244736K, 2% used [0x00000005c1c00000,0x00000005c215f3c8,0x00000005d0b00000)
 Metaspace       used 20602K, capacity 21174K, committed 21248K, reserved 1067008K
  class space    used 3121K, capacity 3293K, committed 3328K, reserved 1048576K
}

Deoptimization events (10 events):
Event: 6.120 Thread 0x000000002b3e9000 Uncommon trap: reason=class_check action=maybe_recompile pc=0x0000000005cb3560 method=java.util.HashSet.add(Ljava/lang/Object;)Z @ 8
Event: 6.120 Thread 0x000000002b3e9000 Uncommon trap: reason=class_check action=maybe_recompile pc=0x0000000005cb3560 method=java.util.HashSet.add(Ljava/lang/Object;)Z @ 8
Event: 6.120 Thread 0x000000002b3e9000 Uncommon trap: reason=class_check action=maybe_recompile pc=0x0000000005cb3560 method=java.util.HashSet.add(Ljava/lang/Object;)Z @ 8
Event: 6.120 Thread 0x000000002b3e9000 Uncommon trap: reason=class_check action=maybe_recompile pc=0x00000000058e2094 method=java.util.HashMap.putVal(ILjava/lang/Object;Ljava/lang/Object;ZZ)Ljava/lang/Object; @ 253
Event: 6.121 Thread 0x000000002b3e9000 Uncommon trap: reason=class_check action=maybe_recompile pc=0x00000000058e2094 method=java.util.HashMap.putVal(ILjava/lang/Object;Ljava/lang/Object;ZZ)Ljava/lang/Object; @ 253
Event: 6.121 Thread 0x000000002b3e9000 Uncommon trap: reason=class_check action=maybe_recompile pc=0x00000000058e63ec method=java.util.HashMap.putVal(ILjava/lang/Object;Ljava/lang/Object;ZZ)Ljava/lang/Object; @ 253
Event: 6.154 Thread 0x000000002b3e9000 Uncommon trap: reason=unstable_if action=reinterpret pc=0x00000000058d806c method=java.io.WinNTFileSystem.normalize(Ljava/lang/String;)Ljava/lang/String; @ 128
Event: 6.176 Thread 0x000000002b3e9000 Uncommon trap: reason=unstable_if action=reinterpret pc=0x0000000005ce61f0 method=java.lang.Float.compare(FF)I @ 3
Event: 6.189 Thread 0x000000002b3e9000 Uncommon trap: reason=unstable_if action=reinterpret pc=0x0000000005bf8648 method=sun.java2d.pipe.BufferedRenderPipe$BufferedDrawHandler.drawScanline(III)V @ 4
Event: 6.201 Thread 0x000000002a282000 Uncommon trap: reason=unstable_if action=reinterpret pc=0x00000000056a858c method=java.util.ArrayList.rangeCheck(I)V @ 5

Internal exceptions (10 events):
Event: 0.472 Thread 0x00000000051de800 Exception <a 'java/lang/NullPointerException'> (0x0000000717e117b0) thrown at [C:\re\workspace\8-2-build-windows-amd64-cygwin\jdk8u45\3457\hotspot\src\share\vm\prims\jvm.cpp, line 1386]
Event: 0.473 Thread 0x00000000051de800 Exception <a 'java/lang/NullPointerException'> (0x0000000717e1e608) thrown at [C:\re\workspace\8-2-build-windows-amd64-cygwin\jdk8u45\3457\hotspot\src\share\vm\interpreter\linkResolver.cpp, line 1178]
Event: 0.559 Thread 0x000000002b6b7000 Exception <a 'java/io/FileNotFoundException'> (0x00000007188e0198) thrown at [C:\re\workspace\8-2-build-windows-amd64-cygwin\jdk8u45\3457\hotspot\src\share\vm\prims\jni.cpp, line 709]
Event: 2.685 Thread 0x000000002a282000 Exception <a 'java/io/FileNotFoundException'> (0x00000007179dd7a8) thrown at [C:\re\workspace\8-2-build-windows-amd64-cygwin\jdk8u45\3457\hotspot\src\share\vm\prims\jni.cpp, line 709]
Event: 2.687 Thread 0x000000002a282000 Exception <a 'java/io/FileNotFoundException'> (0x00000007179f4db8) thrown at [C:\re\workspace\8-2-build-windows-amd64-cygwin\jdk8u45\3457\hotspot\src\share\vm\prims\jni.cpp, line 709]
Event: 2.688 Thread 0x000000002a282000 Exception <a 'java/io/FileNotFoundException'> (0x0000000717a01020) thrown at [C:\re\workspace\8-2-build-windows-amd64-cygwin\jdk8u45\3457\hotspot\src\share\vm\prims\jni.cpp, line 709]
Event: 2.700 Thread 0x000000002a282000 Exception <a 'java/io/FileNotFoundException'> (0x0000000717a94900) thrown at [C:\re\workspace\8-2-build-windows-amd64-cygwin\jdk8u45\3457\hotspot\src\share\vm\prims\jni.cpp, line 709]
Event: 2.702 Thread 0x000000002a282000 Exception <a 'java/io/FileNotFoundException'> (0x0000000717aad210) thrown at [C:\re\workspace\8-2-build-windows-amd64-cygwin\jdk8u45\3457\hotspot\src\share\vm\prims\jni.cpp, line 709]
Event: 2.703 Thread 0x000000002a282000 Exception <a 'java/io/FileNotFoundException'> (0x0000000717ab9390) thrown at [C:\re\workspace\8-2-build-windows-amd64-cygwin\jdk8u45\3457\hotspot\src\share\vm\prims\jni.cpp, line 709]
Event: 6.034 Thread 0x000000002b3e9000 Implicit null exception at 0x00000000059d80ce to 0x00000000059d937d

Events (10 events):
Event: 6.190 loading class java/awt/LightweightDispatcher$2 done
Event: 6.201 loading class com/base/engine/rendering/buffers/VBOHandler$VBOBarChartRenderer$1
Event: 6.201 loading class com/base/engine/rendering/buffers/VBOHandler$VBOBarChartRenderer$1 done
Event: 6.201 Thread 0x000000002a282000 Uncommon trap: trap_request=0xffffff65 fr.pc=0x00000000056a858c
Event: 6.201 Thread 0x000000002a282000 DEOPT PACKING pc=0x00000000056a858c sp=0x00000000367df130
Event: 6.201 Thread 0x000000002a282000 DEOPT UNPACKING pc=0x000000000532582a sp=0x00000000367df080 mode 2
Event: 6.201 loading class java/lang/Throwable$WrappedPrintStream
Event: 6.201 loading class java/lang/Throwable$PrintStreamOrWriter
Event: 6.201 loading class java/lang/Throwable$PrintStreamOrWriter done
Event: 6.201 loading class java/lang/Throwable$WrappedPrintStream done


Dynamic libraries:
0x00007ff68f4c0000 - 0x00007ff68f4f7000 	C:\Program Files\Java\jre1.8.0_45\bin\javaw.exe
0x00007ffa51130000 - 0x00007ffa51310000 	C:\WINDOWS\SYSTEM32\ntdll.dll
0x00007ffa50050000 - 0x00007ffa500fe000 	C:\WINDOWS\System32\KERNEL32.DLL
0x00007ffa4d830000 - 0x00007ffa4da96000 	C:\WINDOWS\System32\KERNELBASE.dll
0x00007ffa504e0000 - 0x00007ffa50581000 	C:\WINDOWS\System32\ADVAPI32.dll
0x00007ffa50290000 - 0x00007ffa5032d000 	C:\WINDOWS\System32\msvcrt.dll
0x00007ffa50330000 - 0x00007ffa5038b000 	C:\WINDOWS\System32\sechost.dll
0x00007ffa50af0000 - 0x00007ffa50c0f000 	C:\WINDOWS\System32\RPCRT4.dll
0x00007ffa50100000 - 0x00007ffa5028f000 	C:\WINDOWS\System32\USER32.dll
0x00007ffa4d6e0000 - 0x00007ffa4d700000 	C:\WINDOWS\System32\win32u.dll
0x00007ffa50920000 - 0x00007ffa50948000 	C:\WINDOWS\System32\GDI32.dll
0x00007ffa4e460000 - 0x00007ffa4e5f3000 	C:\WINDOWS\System32\gdi32full.dll
0x00007ffa4daa0000 - 0x00007ffa4db3b000 	C:\WINDOWS\System32\msvcp_win.dll
0x00007ffa4d5e0000 - 0x00007ffa4d6d6000 	C:\WINDOWS\System32\ucrtbase.dll
0x00007ffa43300000 - 0x00007ffa43569000 	C:\WINDOWS\WinSxS\amd64_microsoft.windows.common-controls_6595b64144ccf1df_6.0.16299.125_none_15cbcf8893620c09\COMCTL32.dll
0x00007ffa50c10000 - 0x00007ffa50f18000 	C:\WINDOWS\System32\combase.dll
0x00007ffa4d760000 - 0x00007ffa4d7d2000 	C:\WINDOWS\System32\bcryptPrimitives.dll
0x00007ffa51070000 - 0x00007ffa5109d000 	C:\WINDOWS\System32\IMM32.DLL
0x0000000056b20000 - 0x0000000056bf2000 	C:\Program Files\Java\jre1.8.0_45\bin\msvcr100.dll
0x0000000056c00000 - 0x0000000057483000 	C:\Program Files\Java\jre1.8.0_45\bin\server\jvm.dll
0x00007ffa50950000 - 0x00007ffa50958000 	C:\WINDOWS\System32\PSAPI.DLL
0x00007ffa481c0000 - 0x00007ffa481e3000 	C:\WINDOWS\SYSTEM32\WINMM.dll
0x00007ffa48270000 - 0x00007ffa4827a000 	C:\WINDOWS\SYSTEM32\VERSION.dll
0x00007ffa32280000 - 0x00007ffa32289000 	C:\WINDOWS\SYSTEM32\WSOCK32.dll
0x00007ffa51000000 - 0x00007ffa5106c000 	C:\WINDOWS\System32\WS2_32.dll
0x00007ffa47a90000 - 0x00007ffa47aba000 	C:\WINDOWS\SYSTEM32\WINMMBASE.dll
0x00007ffa4d7e0000 - 0x00007ffa4d82a000 	C:\WINDOWS\System32\cfgmgr32.dll
0x0000000057ff0000 - 0x0000000057fff000 	C:\Program Files\Java\jre1.8.0_45\bin\verify.dll
0x0000000057fc0000 - 0x0000000057fe9000 	C:\Program Files\Java\jre1.8.0_45\bin\java.dll
0x0000000057fa0000 - 0x0000000057fb6000 	C:\Program Files\Java\jre1.8.0_45\bin\zip.dll
0x00007ffa4eb50000 - 0x00007ffa4ff86000 	C:\WINDOWS\System32\SHELL32.dll
0x00007ffa4ffa0000 - 0x00007ffa50046000 	C:\WINDOWS\System32\shcore.dll
0x00007ffa4dd10000 - 0x00007ffa4e457000 	C:\WINDOWS\System32\windows.storage.dll
0x00007ffa50590000 - 0x00007ffa505e1000 	C:\WINDOWS\System32\shlwapi.dll
0x00007ffa4d510000 - 0x00007ffa4d521000 	C:\WINDOWS\System32\kernel.appcore.dll
0x00007ffa4d4a0000 - 0x00007ffa4d4ec000 	C:\WINDOWS\System32\powrprof.dll
0x00007ffa4d4f0000 - 0x00007ffa4d50b000 	C:\WINDOWS\System32\profapi.dll
0x0000000056980000 - 0x0000000056b18000 	C:\Program Files\Java\jre1.8.0_45\bin\awt.dll
0x00007ffa50f20000 - 0x00007ffa50fe5000 	C:\WINDOWS\System32\OLEAUT32.dll
0x00007ffa4b670000 - 0x00007ffa4b6f8000 	C:\WINDOWS\SYSTEM32\apphelp.dll
0x00007ffa4b7f0000 - 0x00007ffa4b885000 	C:\WINDOWS\system32\uxtheme.dll
0x00007ffa50960000 - 0x00007ffa50ac7000 	C:\WINDOWS\System32\MSCTF.dll
0x00007ffa15af0000 - 0x00007ffa15b99000 	C:\Program Files\Common Files\microsoft shared\ink\tiptsf.dll
0x00007ffa4ba60000 - 0x00007ffa4ba8a000 	C:\WINDOWS\system32\dwmapi.dll
0x00007ffa50390000 - 0x00007ffa504d9000 	C:\WINDOWS\System32\ole32.dll
0x00007ffa07710000 - 0x00007ffa078a5000 	C:\WINDOWS\system32\d3d9.dll
0x00007ffa431c0000 - 0x00007ffa432aa000 	C:\WINDOWS\System32\DriverStore\FileRepository\nv_dispi.inf_amd64_c68c1eb90f6d242e\nvldumdx.dll
0x00007ffa4db40000 - 0x00007ffa4dd0e000 	C:\WINDOWS\System32\crypt32.dll
0x00007ffa4d480000 - 0x00007ffa4d492000 	C:\WINDOWS\System32\MSASN1.dll
0x00007ffa4d700000 - 0x00007ffa4d758000 	C:\WINDOWS\System32\WINTRUST.DLL
0x00007ffa50ad0000 - 0x00007ffa50aed000 	C:\WINDOWS\System32\imagehlp.dll
0x00007ffa4ced0000 - 0x00007ffa4cee7000 	C:\WINDOWS\SYSTEM32\CRYPTSP.dll
0x00007ffa4c920000 - 0x00007ffa4c953000 	C:\WINDOWS\system32\rsaenh.dll
0x00007ffa4cfe0000 - 0x00007ffa4d005000 	C:\WINDOWS\SYSTEM32\bcrypt.dll
0x00007ffa4cef0000 - 0x00007ffa4cefb000 	C:\WINDOWS\SYSTEM32\CRYPTBASE.dll
0x00007ff9f8c20000 - 0x00007ff9f9df7000 	C:\WINDOWS\System32\DriverStore\FileRepository\nv_dispi.inf_amd64_c68c1eb90f6d242e\nvd3dumx.dll
0x00007ffa29f00000 - 0x00007ffa2a154000 	C:\WINDOWS\system32\nvspcap64.dll
0x00007ffa4c5c0000 - 0x00007ffa4c5f1000 	C:\WINDOWS\SYSTEM32\ntmarta.dll
0x00007ffa413b0000 - 0x00007ffa4149b000 	C:\Program Files (x86)\NVIDIA Corporation\3D Vision\nvSCPAPI64.dll
0x00007ffa4e700000 - 0x00007ffa4eb4e000 	C:\WINDOWS\System32\SETUPAPI.dll
0x0000000057ee0000 - 0x0000000057f27000 	C:\Program Files\Java\jre1.8.0_45\bin\fontmanager.dll
0x0000000057f80000 - 0x0000000057f9a000 	C:\Program Files\Java\jre1.8.0_45\bin\net.dll
0x00007ffa4cd10000 - 0x00007ffa4cd76000 	C:\WINDOWS\system32\mswsock.dll
0x0000000057f60000 - 0x0000000057f71000 	C:\Program Files\Java\jre1.8.0_45\bin\nio.dll
0x0000000056930000 - 0x0000000056971000 	C:\Program Files\Java\jre1.8.0_45\bin\t2k.dll
0x0000000057eb0000 - 0x0000000057edc000 	C:\Program Files\Java\jre1.8.0_45\bin\prism_d3d.dll
0x00000000568e0000 - 0x0000000056921000 	C:\Program Files\Java\jre1.8.0_45\bin\glass.dll
0x00007ffa505f0000 - 0x00007ffa506fa000 	C:\WINDOWS\System32\COMDLG32.dll
0x00000000568c0000 - 0x00000000568d5000 	C:\Program Files\Java\jre1.8.0_45\bin\javafx_font.dll
0x00007ffa296d0000 - 0x00007ffa299df000 	C:\WINDOWS\SYSTEM32\dwrite.dll
0x00007ffa4e600000 - 0x00007ffa4e69e000 	C:\WINDOWS\System32\clbcatq.dll
0x00007ffa45020000 - 0x00007ffa451cb000 	C:\WINDOWS\SYSTEM32\WindowsCodecs.dll
0x00007ffa2bc60000 - 0x00007ffa2bcaf000 	C:\WINDOWS\system32\dataexchange.dll
0x00007ffa4a7b0000 - 0x00007ffa4aa91000 	C:\WINDOWS\system32\d3d11.dll
0x00007ffa4b140000 - 0x00007ffa4b282000 	C:\WINDOWS\system32\dcomp.dll
0x00007ffa4c2f0000 - 0x00007ffa4c39f000 	C:\WINDOWS\system32\dxgi.dll
0x00007ffa4bba0000 - 0x00007ffa4bd1b000 	C:\WINDOWS\system32\twinapi.appcore.dll
0x00007ffa4bb50000 - 0x00007ffa4bb70000 	C:\WINDOWS\system32\RMCLIENT.dll
0x00000000568a0000 - 0x00000000568b1000 	C:\Program Files\Java\jre1.8.0_45\bin\prism_common.dll
0x00007ffa417b0000 - 0x00007ffa41848000 	C:\WINDOWS\System32\TextInputFramework.dll
0x00007ffa44850000 - 0x00007ffa44b3e000 	C:\WINDOWS\System32\CoreUIComponents.dll
0x00007ffa4b060000 - 0x00007ffa4b13d000 	C:\WINDOWS\System32\CoreMessaging.dll
0x00007ffa49910000 - 0x00007ffa49a46000 	C:\WINDOWS\SYSTEM32\wintypes.dll
0x00007ffa2bd50000 - 0x00007ffa2bf56000 	C:\Windows\System32\uiautomationcore.dll
0x00007ffa4d2e0000 - 0x00007ffa4d37a000 	C:\WINDOWS\SYSTEM32\sxs.dll
0x0000000180000000 - 0x0000000180050000 	O:\OneDrive\HuC-Master\Visualisierung\Implementierung\Visualizer\VisualizerBasic\lib\lwjgl-2.9.0\native\windows\lwjgl64.dll
0x00007ffa1b080000 - 0x00007ffa1b19e000 	C:\WINDOWS\SYSTEM32\OPENGL32.dll
0x00007ffa1b010000 - 0x00007ffa1b03c000 	C:\WINDOWS\SYSTEM32\GLU32.dll
0x00007ffa44b40000 - 0x00007ffa44bae000 	C:\Windows\System32\OLEACC.dll
0x00007ffa2f270000 - 0x00007ffa2f2f1000 	C:\WINDOWS\SYSTEM32\twinapi.dll
0x0000000056890000 - 0x0000000056897000 	C:\Program Files\Java\jre1.8.0_45\bin\jawt.dll
0x00000000545a0000 - 0x0000000056882000 	C:\WINDOWS\SYSTEM32\nvoglv64.DLL
0x00007ffa49760000 - 0x00007ffa49773000 	C:\WINDOWS\SYSTEM32\WTSAPI32.dll
0x00007ffa4d290000 - 0x00007ffa4d2b7000 	C:\WINDOWS\SYSTEM32\DEVOBJ.dll
0x00007ffa4c630000 - 0x00007ffa4c685000 	C:\WINDOWS\SYSTEM32\WINSTA.dll
0x0000000054570000 - 0x000000005459a000 	C:\Program Files\Java\jre1.8.0_45\bin\dcpr.dll
0x00007ffa4cae0000 - 0x00007ffa4cb96000 	C:\WINDOWS\SYSTEM32\DNSAPI.dll
0x00007ffa4ff90000 - 0x00007ffa4ff98000 	C:\WINDOWS\System32\NSI.dll
0x00007ffa4caa0000 - 0x00007ffa4cad9000 	C:\WINDOWS\SYSTEM32\IPHLPAPI.DLL
0x00007ffa47540000 - 0x00007ffa4754a000 	C:\Windows\System32\rasadhlp.dll
0x00007ffa488c0000 - 0x00007ffa48930000 	C:\WINDOWS\System32\fwpuclnt.dll
0x00007ffa4d3b0000 - 0x00007ffa4d3d9000 	C:\WINDOWS\SYSTEM32\USERENV.dll
0x00007ffa49640000 - 0x00007ffa49656000 	C:\WINDOWS\SYSTEM32\dhcpcsvc6.DLL
0x00007ffa49590000 - 0x00007ffa495aa000 	C:\WINDOWS\SYSTEM32\dhcpcsvc.DLL
0x00007ffa3d340000 - 0x00007ffa3d508000 	C:\WINDOWS\SYSTEM32\dbghelp.dll

VM Arguments:
jvm_args: -Djava.library.path=O:\OneDrive\HuC-Master\Visualisierung\Implementierung\Visualizer\VisualizerBasic\lib\lwjgl-2.9.0\native\windows;O:\OneDrive\HuC-Master\Visualisierung\Implementierung\Visualizer\VisualizerBasic\lib\lwjgl-2.9.0\native\windows -Dfile.encoding=Cp1252 
java_command: vis.main.VisApplication
java_class_path (initial): O:\OneDrive\HuC-Master\Visualisierung\Implementierung\Visualizer\VisProject\bin;O:\OneDrive\HuC-Master\Visualisierung\Implementierung\Visualizer\VisualizerBasic\bin;O:\OneDrive\HuC-Master\Visualisierung\Implementierung\Visualizer\CommonResources\bin;O:\OneDrive\HuC-Master\Visualisierung\Implementierung\Visualizer\GenerationAlgorithms\bin;O:\OneDrive\HuC-Master\Visualisierung\Implementierung\Visualizer\GenerationAlgorithms\lib\gson-2.2.4.jar;O:\OneDrive\HuC-Master\Visualisierung\Implementierung\Visualizer\VisualizerBasic\lib\ini4j-0.5.4-jdk14.jar;O:\OneDrive\HuC-Master\Visualisierung\Implementierung\Visualizer\VisualizerBasic\lib\ini4j-0.5.4.jar;O:\OneDrive\HuC-Master\Visualisierung\Implementierung\Visualizer\VisualizerBasic\lib\slick-util.jar;O:\OneDrive\HuC-Master\Visualisierung\Implementierung\Visualizer\VisualizerBasic\lib\slick.jar;O:\OneDrive\HuC-Master\Visualisierung\Implementierung\Visualizer\VisualizerBasic\lib\lwjgl-2.9.0\jar\AppleJavaExtensions.jar;O:\OneDrive\HuC-Master\Visualisierung\Implementierung\Visualizer\VisualizerBasic\lib\lwjgl-2.9.0\jar\asm-debug-all.jar;O:\OneDrive\HuC-Master\Visualisierung\Implementierung\Visualizer\VisualizerBasic\lib\lwjgl-2.9.0\jar\jinput.jar;O:\OneDrive\HuC-Master\Visualisierung\Implementierung\Visualizer\VisualizerBasic\lib\lwjgl-2.9.0\jar\lwjgl_test.jar;O:\OneDrive\HuC-Master\Visualisierung\Implementierung\Visualizer\VisualizerBasic\lib\lwjgl-2.9.0\jar\lwjgl_util_applet.jar;O:\OneDrive\HuC-Master\Visualisierung\Implementierung\Visualizer\VisualizerBasic\lib\lwjgl-2.9.0\jar\lwjgl_util.jar;O:\OneDrive\HuC-Master\Visualisierung\Implementierung\Visualizer\VisualizerBasic\lib\lwjgl-2.9.0\jar\lwjgl-debug.jar;O:\OneDrive\HuC-Master\Visualisierung\Implementierung\Visualizer\VisualizerBasic\lib\lwjgl-2.9.0\jar\lwjgl.jar;O:\OneDrive\HuC-Master\Visualisierung\Implementierung\Visualizer\VisualizerBasic\lib\lwjgl-2.9.0\jar\lzma.jar;O:\OneDrive\HuC-Master\Visualisierung\Implementierung\Visualizer\Visualize
Launcher Type: SUN_STANDARD

Environment Variables:
USERNAME=Markus
OS=Windows_NT
PROCESSOR_IDENTIFIER=Intel64 Family 6 Model 60 Stepping 3, GenuineIntel



---------------  S Y S T E M  ---------------

OS: Windows 10.0 , 64 bit Build 16299 (10.0.16299.15)

CPU:total 8 (4 cores per cpu, 2 threads per core) family 6 model 60 stepping 3, cmov, cx8, fxsr, mmx, sse, sse2, sse3, ssse3, sse4.1, sse4.2, popcnt, avx, avx2, aes, clmul, erms, lzcnt, ht, tsc, tscinvbit, bmi1, bmi2

Memory: 4k page, physical 33437344k(26264392k free), swap 38418080k(29386440k free)

vm_info: Java HotSpot(TM) 64-Bit Server VM (25.45-b02) for windows-amd64 JRE (1.8.0_45-b14), built on Apr 10 2015 10:34:15 by "java_re" with MS VC++ 10.0 (VS2010)

time: Mon Dec 18 00:01:43 2017
elapsed time: 6 seconds (0d 0h 0m 6s)

