#
# A fatal error has been detected by the Java Runtime Environment:
#
#  EXCEPTION_ACCESS_VIOLATION (0xc0000005) at pc=0x00007fff965d4250, pid=14824, tid=0x00000000000002f4
#
# JRE version: Java(TM) SE Runtime Environment (8.0_121-b13) (build 1.8.0_121-b13)
# Java VM: Java HotSpot(TM) 64-Bit Server VM (25.121-b13 mixed mode windows-amd64 compressed oops)
# Problematic frame:
# C  [ig9icd64.dll+0xb4250]
#
# Failed to write core dump. Minidumps are not enabled by default on client versions of Windows
#
# If you would like to submit a bug report, please visit:
#   http://bugreport.java.com/bugreport/crash.jsp
# The crash happened outside the Java Virtual Machine in native code.
# See problematic frame for where to report the bug.
#

---------------  T H R E A D  ---------------

Current thread (0x000000001acd0800):  JavaThread "Thread-5" [_thread_in_native, id=756, stack(0x0000000028360000,0x0000000028460000)]

siginfo: ExceptionCode=0xc0000005, reading address 0x000000002fab5e80

Registers:
RAX=0x0000000000000000, RBX=0x000000005d7bc1a0, RCX=0x0000000000000000, RDX=0x000000002fab5e80
RSP=0x000000002845ee60, RBP=0x00000000000010e0, RSI=0x0000000065e41658, RDI=0x0000000068190000
R8 =0x00000000000010e0, R9 =0x0000000000000021, R10=0x0000000000000000, R11=0x0000000000000246
R12=0x00000000000010e0, R13=0x0000000000000001, R14=0x0000000000000002, R15=0x0000000021b13b80
RIP=0x00007fff965d4250, EFLAGS=0x0000000000010206

Top of Stack: (sp=0x000000002845ee60)
0x000000002845ee60:   3fe921fb54442d18 0000000000000000
0x000000002845ee70:   000000003c23d70a 0000000000000000
0x000000002845ee80:   000000002fab5e80 00007fff965d45df
0x000000002845ee90:   000000005d7bc1a0 00000000000010e0
0x000000002845eea0:   0000000065e41658 000000002fab5e80
0x000000002845eeb0:   ffffffffffffff01 0000000000000000
0x000000002845eec0:   0000000000000000 0000000065e41658
0x000000002845eed0:   0000000065e41550 0000000021b13b80
0x000000002845eee0:   0000000000000000 00007fff96552fb4
0x000000002845eef0:   000000002fab5e80 000000000000003c
0x000000002845ef00:   0000000021ba2120 00007fff96584f18
0x000000002845ef10:   000000002fab5e80 000000002845ef40
0x000000002845ef20:   0000000021ba2101 0000000065e41501
0x000000002845ef30:   000000002845f000 0000000021b13b80
0x000000002845ef40:   0000000065d8da40 fffffffffffffffe
0x000000002845ef50:   0000000021ba2120 00000000000033ea 

Instructions: (pc=0x00007fff965d4250)
0x00007fff965d4230:   e7 07 48 83 c7 10 49 3b c2 72 e5 e9 ab 00 00 00
0x00007fff965d4240:   4d 85 c9 74 6c 66 66 66 0f 1f 84 00 00 00 00 00
0x00007fff965d4250:   66 0f 6f 3a 41 ff c2 66 0f 6f 72 10 66 0f 6f 6a
0x00007fff965d4260:   20 66 0f 6f 62 30 66 0f 6f 5a 40 66 0f 6f 52 50 


Register to memory mapping:

RAX=0x0000000000000000 is an unknown value
RBX=0x000000005d7bc1a0 is an unknown value
RCX=0x0000000000000000 is an unknown value
RDX=0x000000002fab5e80 is an unknown value
RSP=0x000000002845ee60 is pointing into the stack for thread: 0x000000001acd0800
RBP=0x00000000000010e0 is an unknown value
RSI=0x0000000065e41658 is an unknown value
RDI=0x0000000068190000 is an unknown value
R8 =0x00000000000010e0 is an unknown value
R9 =0x0000000000000021 is an unknown value
R10=0x0000000000000000 is an unknown value
R11=0x0000000000000246 is an unknown value
R12=0x00000000000010e0 is an unknown value
R13=0x0000000000000001 is an unknown value
R14=0x0000000000000002 is an unknown value
R15=0x0000000021b13b80 is an unknown value


Stack: [0x0000000028360000,0x0000000028460000],  sp=0x000000002845ee60,  free space=1019k
Native frames: (J=compiled Java code, j=interpreted, Vv=VM code, C=native code)
C  [ig9icd64.dll+0xb4250]
C  [ig9icd64.dll+0xb45df]
C  [ig9icd64.dll+0x32fb4]
C  [ig9icd64.dll+0x346f1]
C  0x000000000593f15c

Java frames: (J=compiled Java code, j=interpreted, Vv=VM code)
J 4663  org.lwjgl.opengl.GL15.nglBufferData(IJJIJ)V (0 bytes) @ 0x000000000593f0d6 [0x000000000593f080+0x56]
J 5183 C2 com.base.engine.rendering.buffers.VBOHandler.access$1(ILjava/nio/FloatBuffer;Ljava/nio/FloatBuffer;)V (7 bytes) @ 0x0000000005af7b28 [0x0000000005af7420+0x708]
J 4792 C2 com.base.engine.rendering.buffers.VBOHandler$VBOGridRenderer.create(ILjava/lang/Object;)V (552 bytes) @ 0x000000000569ee08 [0x000000000569cf00+0x1f08]
J 3922 C2 com.base.engine.rendering.buffers.GraphicBufferUitl.handleGraphicsData(Ljava/lang/Object;Lcom/base/common/IRenderer;II)V (189 bytes) @ 0x0000000005a48be0 [0x0000000005a47da0+0xe40]
J 3315 C2 com.base.engine.rendering.ViewportRenderer.render(Lcom/base/engine/Engine;[Lcom/base/engine/Camera;Ljava/util/List;[F)V (666 bytes) @ 0x00000000057f2cc8 [0x00000000057f2420+0x8a8]
J 3916 C2 com.base.engine.Engine.render()V (51 bytes) @ 0x0000000004e8d97c [0x0000000004e8d7a0+0x1dc]
j  com.base.engine.Engine.gameLoop()V+17
j  com.base.engine.Engine.access$3(Lcom/base/engine/Engine;)V+1
j  com.base.engine.Engine$1.run()V+64
v  ~StubRoutines::call_stub

---------------  P R O C E S S  ---------------

Java Threads: ( => current thread )
  0x000000001acd6000 JavaThread "Thread-10" [_thread_blocked, id=15240, stack(0x000000004b8d0000,0x000000004b9d0000)]
  0x000000001acd0000 JavaThread "Swing-Shell" daemon [_thread_blocked, id=11724, stack(0x00000000308a0000,0x00000000309a0000)]
  0x000000001acd5000 JavaThread "TimerQueue" daemon [_thread_blocked, id=10172, stack(0x00000000306a0000,0x00000000307a0000)]
  0x000000001acd3000 JavaThread "LWJGL Timer" daemon [_thread_blocked, id=1404, stack(0x000000002f2c0000,0x000000002f3c0000)]
  0x000000001acd1800 JavaThread "DestroyJavaVM" [_thread_blocked, id=4952, stack(0x0000000004ad0000,0x0000000004bd0000)]
=>0x000000001acd0800 JavaThread "Thread-5" [_thread_in_native, id=756, stack(0x0000000028360000,0x0000000028460000)]
  0x000000001a95d800 JavaThread "Prism Font Disposer" daemon [_thread_blocked, id=14720, stack(0x0000000024850000,0x0000000024950000)]
  0x000000001a964000 JavaThread "AWT-EventQueue-0" [_thread_blocked, id=13052, stack(0x00000000221c0000,0x00000000222c0000)]
  0x000000001a85c800 JavaThread "Thread-3" daemon [_thread_in_native, id=13916, stack(0x0000000021bc0000,0x0000000021cc0000)]
  0x000000001a7a5800 JavaThread "JavaFX Application Thread" [_thread_in_native, id=5324, stack(0x000000001b1e0000,0x000000001b2e0000)]
  0x000000001a797000 JavaThread "Thread-2" daemon [_thread_blocked, id=2332, stack(0x000000001b0e0000,0x000000001b1e0000)]
  0x000000001a78b800 JavaThread "QuantumRenderer-0" daemon [_thread_blocked, id=15000, stack(0x000000001afe0000,0x000000001b0e0000)]
  0x0000000018f92000 JavaThread "AWT-Windows" daemon [_thread_in_native, id=13772, stack(0x00000000197d0000,0x00000000198d0000)]
  0x0000000018f8f800 JavaThread "AWT-Shutdown" [_thread_blocked, id=8260, stack(0x00000000196d0000,0x00000000197d0000)]
  0x0000000018f84800 JavaThread "Java2D Disposer" daemon [_thread_blocked, id=6848, stack(0x00000000195d0000,0x00000000196d0000)]
  0x0000000018c4d000 JavaThread "Service Thread" daemon [_thread_blocked, id=10164, stack(0x0000000019020000,0x0000000019120000)]
  0x00000000172b1800 JavaThread "C1 CompilerThread2" daemon [_thread_blocked, id=9184, stack(0x0000000018b20000,0x0000000018c20000)]
  0x00000000172a1800 JavaThread "C2 CompilerThread1" daemon [_thread_blocked, id=8460, stack(0x0000000018a20000,0x0000000018b20000)]
  0x000000001729f800 JavaThread "C2 CompilerThread0" daemon [_thread_blocked, id=11688, stack(0x0000000018920000,0x0000000018a20000)]
  0x000000001729e000 JavaThread "Attach Listener" daemon [_thread_blocked, id=6600, stack(0x0000000018820000,0x0000000018920000)]
  0x000000001729c800 JavaThread "Signal Dispatcher" daemon [_thread_blocked, id=5852, stack(0x0000000018720000,0x0000000018820000)]
  0x000000001728a800 JavaThread "Finalizer" daemon [_thread_blocked, id=9588, stack(0x0000000018500000,0x0000000018600000)]
  0x0000000004cc1000 JavaThread "Reference Handler" daemon [_thread_blocked, id=15012, stack(0x0000000018400000,0x0000000018500000)]

Other Threads:
  0x0000000017267800 VMThread [stack: 0x0000000018300000,0x0000000018400000] [id=1136]
  0x0000000018c71000 WatcherThread [stack: 0x00000000194d0000,0x00000000195d0000] [id=13464]

VM state:not at safepoint (normal execution)

VM Mutex/Monitor currently owned by a thread: None

Heap:
 PSYoungGen      total 25600K, used 11252K [0x00000000eb400000, 0x00000000ecf80000, 0x0000000100000000)
  eden space 23040K, 44% used [0x00000000eb400000,0x00000000ebe0eda8,0x00000000eca80000)
  from space 2560K, 37% used [0x00000000ecd00000,0x00000000ecdee5e0,0x00000000ecf80000)
  to   space 2560K, 0% used [0x00000000eca80000,0x00000000eca80000,0x00000000ecd00000)
 ParOldGen       total 44544K, used 38008K [0x00000000c1c00000, 0x00000000c4780000, 0x00000000eb400000)
  object space 44544K, 85% used [0x00000000c1c00000,0x00000000c411e3b8,0x00000000c4780000)
 Metaspace       used 29368K, capacity 30560K, committed 30848K, reserved 1075200K
  class space    used 4092K, capacity 4362K, committed 4480K, reserved 1048576K

Card table byte_map: [0x0000000014090000,0x0000000014290000] byte_map_base: 0x0000000013a82000

Marking Bits: (ParMarkBitMap*) 0x0000000073d2b6d0
 Begin Bits: [0x00000000147e0000, 0x0000000015770000)
 End Bits:   [0x0000000015770000, 0x0000000016700000)

Polling page: 0x0000000002e30000

CodeCache: size=245760Kb used=14125Kb max_used=14425Kb free=231634Kb
 bounds [0x0000000004cd0000, 0x0000000005b00000, 0x0000000013cd0000]
 total_blobs=5416 nmethods=4522 adapters=804
 compilation: enabled

Compilation events (10 events):
Event: 198.504 Thread 0x000000001729f800 5196       4       sun.java2d.SurfaceData::validatePipe (785 bytes)
Event: 198.539 Thread 0x000000001729f800 nmethod 5196 0x0000000005ae1bd0 code [0x0000000005ae1e80, 0x0000000005ae3780]
Event: 199.106 Thread 0x00000000172a1800 5197       4       java.util.WeakHashMap$HashIterator::hasNext (95 bytes)
Event: 199.111 Thread 0x00000000172a1800 nmethod 5197 0x00000000050ed850 code [0x00000000050ed9a0, 0x00000000050edb78]
Event: 199.640 Thread 0x000000001729f800 5198  s    4       com.sun.java.swing.plaf.windows.AnimationController::getAnimationController (38 bytes)
Event: 199.642 Thread 0x000000001729f800 nmethod 5198 0x000000000580a990 code [0x000000000580ab00, 0x000000000580aec8]
Event: 200.274 Thread 0x00000000172a1800 5199       4       java.util.LinkedHashMap::get (33 bytes)
Event: 200.281 Thread 0x00000000172a1800 nmethod 5199 0x00000000054cac50 code [0x00000000054cadc0, 0x00000000054cb138]
Event: 200.762 Thread 0x000000001729f800 5200       4       javax.swing.SwingUtilities::getAncestorOfClass (37 bytes)
Event: 200.763 Thread 0x000000001729f800 nmethod 5200 0x0000000005191810 code [0x0000000005191960, 0x0000000005191ab8]

GC Heap History (10 events):
Event: 199.232 GC heap before
{Heap before GC invocations=51 (full 1):
 PSYoungGen      total 24064K, used 23784K [0x00000000eb400000, 0x00000000ed080000, 0x0000000100000000)
  eden space 23040K, 100% used [0x00000000eb400000,0x00000000eca80000,0x00000000eca80000)
  from space 1024K, 72% used [0x00000000eca80000,0x00000000ecb3a2c8,0x00000000ecb80000)
  to   space 3072K, 0% used [0x00000000ecd80000,0x00000000ecd80000,0x00000000ed080000)
 ParOldGen       total 44544K, used 37968K [0x00000000c1c00000, 0x00000000c4780000, 0x00000000eb400000)
  object space 44544K, 85% used [0x00000000c1c00000,0x00000000c4114128,0x00000000c4780000)
 Metaspace       used 29368K, capacity 30560K, committed 30848K, reserved 1075200K
  class space    used 4092K, capacity 4362K, committed 4480K, reserved 1048576K
Event: 199.234 GC heap after
Heap after GC invocations=51 (full 1):
 PSYoungGen      total 26112K, used 432K [0x00000000eb400000, 0x00000000ed080000, 0x0000000100000000)
  eden space 23040K, 0% used [0x00000000eb400000,0x00000000eb400000,0x00000000eca80000)
  from space 3072K, 14% used [0x00000000ecd80000,0x00000000ecdec120,0x00000000ed080000)
  to   space 3072K, 0% used [0x00000000eca80000,0x00000000eca80000,0x00000000ecd80000)
 ParOldGen       total 44544K, used 37976K [0x00000000c1c00000, 0x00000000c4780000, 0x00000000eb400000)
  object space 44544K, 85% used [0x00000000c1c00000,0x00000000c4116128,0x00000000c4780000)
 Metaspace       used 29368K, capacity 30560K, committed 30848K, reserved 1075200K
  class space    used 4092K, capacity 4362K, committed 4480K, reserved 1048576K
}
Event: 199.597 GC heap before
{Heap before GC invocations=52 (full 1):
 PSYoungGen      total 26112K, used 23472K [0x00000000eb400000, 0x00000000ed080000, 0x0000000100000000)
  eden space 23040K, 100% used [0x00000000eb400000,0x00000000eca80000,0x00000000eca80000)
  from space 3072K, 14% used [0x00000000ecd80000,0x00000000ecdec120,0x00000000ed080000)
  to   space 3072K, 0% used [0x00000000eca80000,0x00000000eca80000,0x00000000ecd80000)
 ParOldGen       total 44544K, used 37983K [0x00000000c1c00000, 0x00000000c4780000, 0x00000000eb400000)
  object space 44544K, 85% used [0x00000000c1c00000,0x00000000c4117c58,0x00000000c4780000)
 Metaspace       used 29368K, capacity 30560K, committed 30848K, reserved 1075200K
  class space    used 4092K, capacity 4362K, committed 4480K, reserved 1048576K
Event: 199.599 GC heap after
Heap after GC invocations=52 (full 1):
 PSYoungGen      total 26112K, used 657K [0x00000000eb400000, 0x00000000ed080000, 0x0000000100000000)
  eden space 23040K, 0% used [0x00000000eb400000,0x00000000eb400000,0x00000000eca80000)
  from space 3072K, 21% used [0x00000000eca80000,0x00000000ecb246f0,0x00000000ecd80000)
  to   space 3072K, 0% used [0x00000000ecd80000,0x00000000ecd80000,0x00000000ed080000)
 ParOldGen       total 44544K, used 37983K [0x00000000c1c00000, 0x00000000c4780000, 0x00000000eb400000)
  object space 44544K, 85% used [0x00000000c1c00000,0x00000000c4117c58,0x00000000c4780000)
 Metaspace       used 29368K, capacity 30560K, committed 30848K, reserved 1075200K
  class space    used 4092K, capacity 4362K, committed 4480K, reserved 1048576K
}
Event: 199.914 GC heap before
{Heap before GC invocations=53 (full 1):
 PSYoungGen      total 26112K, used 23697K [0x00000000eb400000, 0x00000000ed080000, 0x0000000100000000)
  eden space 23040K, 100% used [0x00000000eb400000,0x00000000eca80000,0x00000000eca80000)
  from space 3072K, 21% used [0x00000000eca80000,0x00000000ecb246f0,0x00000000ecd80000)
  to   space 3072K, 0% used [0x00000000ecd80000,0x00000000ecd80000,0x00000000ed080000)
 ParOldGen       total 44544K, used 37984K [0x00000000c1c00000, 0x00000000c4780000, 0x00000000eb400000)
  object space 44544K, 85% used [0x00000000c1c00000,0x00000000c41183b8,0x00000000c4780000)
 Metaspace       used 29368K, capacity 30560K, committed 30848K, reserved 1075200K
  class space    used 4092K, capacity 4362K, committed 4480K, reserved 1048576K
Event: 199.916 GC heap after
Heap after GC invocations=53 (full 1):
 PSYoungGen      total 25088K, used 736K [0x00000000eb400000, 0x00000000ecf80000, 0x0000000100000000)
  eden space 23040K, 0% used [0x00000000eb400000,0x00000000eb400000,0x00000000eca80000)
  from space 2048K, 35% used [0x00000000ecd80000,0x00000000ece383d0,0x00000000ecf80000)
  to   space 2560K, 0% used [0x00000000eca80000,0x00000000eca80000,0x00000000ecd00000)
 ParOldGen       total 44544K, used 37984K [0x00000000c1c00000, 0x00000000c4780000, 0x00000000eb400000)
  object space 44544K, 85% used [0x00000000c1c00000,0x00000000c41183b8,0x00000000c4780000)
 Metaspace       used 29368K, capacity 30560K, committed 30848K, reserved 1075200K
  class space    used 4092K, capacity 4362K, committed 4480K, reserved 1048576K
}
Event: 200.277 GC heap before
{Heap before GC invocations=54 (full 1):
 PSYoungGen      total 25088K, used 23776K [0x00000000eb400000, 0x00000000ecf80000, 0x0000000100000000)
  eden space 23040K, 100% used [0x00000000eb400000,0x00000000eca80000,0x00000000eca80000)
  from space 2048K, 35% used [0x00000000ecd80000,0x00000000ece383d0,0x00000000ecf80000)
  to   space 2560K, 0% used [0x00000000eca80000,0x00000000eca80000,0x00000000ecd00000)
 ParOldGen       total 44544K, used 37984K [0x00000000c1c00000, 0x00000000c4780000, 0x00000000eb400000)
  object space 44544K, 85% used [0x00000000c1c00000,0x00000000c41183b8,0x00000000c4780000)
 Metaspace       used 29368K, capacity 30560K, committed 30848K, reserved 1075200K
  class space    used 4092K, capacity 4362K, committed 4480K, reserved 1048576K
Event: 200.279 GC heap after
Heap after GC invocations=54 (full 1):
 PSYoungGen      total 25600K, used 705K [0x00000000eb400000, 0x00000000ecf80000, 0x0000000100000000)
  eden space 23040K, 0% used [0x00000000eb400000,0x00000000eb400000,0x00000000eca80000)
  from space 2560K, 27% used [0x00000000eca80000,0x00000000ecb30470,0x00000000ecd00000)
  to   space 2560K, 0% used [0x00000000ecd00000,0x00000000ecd00000,0x00000000ecf80000)
 ParOldGen       total 44544K, used 37992K [0x00000000c1c00000, 0x00000000c4780000, 0x00000000eb400000)
  object space 44544K, 85% used [0x00000000c1c00000,0x00000000c411a3b8,0x00000000c4780000)
 Metaspace       used 29368K, capacity 30560K, committed 30848K, reserved 1075200K
  class space    used 4092K, capacity 4362K, committed 4480K, reserved 1048576K
}
Event: 200.613 GC heap before
{Heap before GC invocations=55 (full 1):
 PSYoungGen      total 25600K, used 23745K [0x00000000eb400000, 0x00000000ecf80000, 0x0000000100000000)
  eden space 23040K, 100% used [0x00000000eb400000,0x00000000eca80000,0x00000000eca80000)
  from space 2560K, 27% used [0x00000000eca80000,0x00000000ecb30470,0x00000000ecd00000)
  to   space 2560K, 0% used [0x00000000ecd00000,0x00000000ecd00000,0x00000000ecf80000)
 ParOldGen       total 44544K, used 37992K [0x00000000c1c00000, 0x00000000c4780000, 0x00000000eb400000)
  object space 44544K, 85% used [0x00000000c1c00000,0x00000000c411a3b8,0x00000000c4780000)
 Metaspace       used 29368K, capacity 30560K, committed 30848K, reserved 1075200K
  class space    used 4092K, capacity 4362K, committed 4480K, reserved 1048576K
Event: 200.614 GC heap after
Heap after GC invocations=55 (full 1):
 PSYoungGen      total 25600K, used 953K [0x00000000eb400000, 0x00000000ecf80000, 0x0000000100000000)
  eden space 23040K, 0% used [0x00000000eb400000,0x00000000eb400000,0x00000000eca80000)
  from space 2560K, 37% used [0x00000000ecd00000,0x00000000ecdee5e0,0x00000000ecf80000)
  to   space 2560K, 0% used [0x00000000eca80000,0x00000000eca80000,0x00000000ecd00000)
 ParOldGen       total 44544K, used 38008K [0x00000000c1c00000, 0x00000000c4780000, 0x00000000eb400000)
  object space 44544K, 85% used [0x00000000c1c00000,0x00000000c411e3b8,0x00000000c4780000)
 Metaspace       used 29368K, capacity 30560K, committed 30848K, reserved 1075200K
  class space    used 4092K, capacity 4362K, committed 4480K, reserved 1048576K
}

Deoptimization events (10 events):
Event: 150.651 Thread 0x000000001acd0800 Uncommon trap: reason=unstable_if action=reinterpret pc=0x000000000589fd64 method=org.lwjgl.input.Mouse.next()Z @ 28
Event: 150.669 Thread 0x000000001acd0800 Uncommon trap: reason=unstable_if action=reinterpret pc=0x00000000058a04e4 method=org.lwjgl.input.Mouse.next()Z @ 28
Event: 150.684 Thread 0x000000001acd0800 Uncommon trap: reason=unstable_if action=reinterpret pc=0x0000000004deb8b4 method=com.base.engine.InputHandler.getKeyboardInput()V @ 299
Event: 161.000 Thread 0x000000001acd0800 Uncommon trap: reason=unstable_if action=reinterpret pc=0x0000000004f6f4e0 method=sun.misc.FloatingDecimal.readJavaFormatString(Ljava/lang/String;)Lsun/misc/FloatingDecimal$ASCIIToBinaryConverter; @ 178
Event: 161.012 Thread 0x000000001acd0800 Uncommon trap: reason=unstable_if action=reinterpret pc=0x00000000058b302c method=java.awt.Component.hasFocus()Z @ 7
Event: 163.445 Thread 0x000000001acd0800 Uncommon trap: reason=unstable_if action=reinterpret pc=0x00000000058aa3e0 method=org.lwjgl.opengl.WindowsKeyboard.flushRetained()V @ 4
Event: 163.445 Thread 0x000000001acd0800 Uncommon trap: reason=unstable_if action=reinterpret pc=0x0000000005994bf8 method=sun.misc.FloatingDecimal$ASCIIToBinaryBuffer.floatValue()F @ 95
Event: 163.445 Thread 0x000000001acd0800 Uncommon trap: reason=unstable_if action=reinterpret pc=0x0000000004df6c6c method=org.lwjgl.input.Keyboard.readNext(Lorg/lwjgl/input/Keyboard$KeyEvent;)Z @ 6
Event: 164.829 Thread 0x000000001acd0800 Uncommon trap: reason=unstable_if action=reinterpret pc=0x000000000589ddd4 method=org.lwjgl.input.Keyboard.readNext(Lorg/lwjgl/input/Keyboard$KeyEvent;)Z @ 6
Event: 188.200 Thread 0x000000001acd0800 Uncommon trap: reason=unstable_if action=reinterpret pc=0x0000000004de555c method=com.base.engine.rendering.ParallelCoordinatesRenderer.selectRenderData(Lcom/base/engine/Engine;)Ljava/lang/Object; @ 4

Internal exceptions (10 events):
Event: 0.509 Thread 0x00000000032fe000 Exception <a 'java/lang/NullPointerException'> (0x00000000ebfcb710) thrown at [C:\re\workspace\8-2-build-windows-amd64-cygwin\jdk8u121\8372\hotspot\src\share\vm\interpreter\linkResolver.cpp, line 1178]
Event: 0.509 Thread 0x00000000032fe000 Exception <a 'java/lang/NullPointerException'> (0x00000000ebfcb710) thrown at [C:\re\workspace\8-2-build-windows-amd64-cygwin\jdk8u121\8372\hotspot\src\share\vm\prims\jvm.cpp, line 1394]
Event: 0.530 Thread 0x00000000032fe000 Exception <a 'java/lang/NullPointerException'> (0x00000000ec065350) thrown at [C:\re\workspace\8-2-build-windows-amd64-cygwin\jdk8u121\8372\hotspot\src\share\vm\interpreter\linkResolver.cpp, line 1178]
Event: 0.682 Thread 0x000000001a7a5800 Exception <a 'java/io/FileNotFoundException'> (0x00000000eb838250) thrown at [C:\re\workspace\8-2-build-windows-amd64-cygwin\jdk8u121\8372\hotspot\src\share\vm\prims\jni.cpp, line 709]
Event: 1.039 Thread 0x000000001a7a5800 Implicit null exception at 0x000000000512c371 to 0x000000000512c875
Event: 1.219 Thread 0x000000001a7a5800 Implicit null exception at 0x000000000515665a to 0x0000000005156fe1
Event: 2.591 Thread 0x000000001acd0800 Exception <a 'java/io/FileNotFoundException'> (0x00000000ebf8e270) thrown at [C:\re\workspace\8-2-build-windows-amd64-cygwin\jdk8u121\8372\hotspot\src\share\vm\prims\jni.cpp, line 709]
Event: 2.648 Thread 0x000000001acd0800 Exception <a 'java/io/FileNotFoundException'> (0x00000000ebfdc238) thrown at [C:\re\workspace\8-2-build-windows-amd64-cygwin\jdk8u121\8372\hotspot\src\share\vm\prims\jni.cpp, line 709]
Event: 2.672 Thread 0x000000001acd0800 Exception <a 'java/io/FileNotFoundException'> (0x00000000ec01ec50) thrown at [C:\re\workspace\8-2-build-windows-amd64-cygwin\jdk8u121\8372\hotspot\src\share\vm\prims\jni.cpp, line 709]
Event: 2.681 Thread 0x000000001acd0800 Exception <a 'java/io/FileNotFoundException'> (0x00000000ec069338) thrown at [C:\re\workspace\8-2-build-windows-amd64-cygwin\jdk8u121\8372\hotspot\src\share\vm\prims\jni.cpp, line 709]

Events (10 events):
Event: 199.597 Executing VM operation: ParallelGCFailedAllocation
Event: 199.597 Executing VM operation: ParallelGCFailedAllocation done
Event: 199.597 Executing VM operation: ParallelGCSystemGC
Event: 199.599 Executing VM operation: ParallelGCSystemGC done
Event: 199.914 Executing VM operation: ParallelGCFailedAllocation
Event: 199.917 Executing VM operation: ParallelGCFailedAllocation done
Event: 200.277 Executing VM operation: ParallelGCFailedAllocation
Event: 200.279 Executing VM operation: ParallelGCFailedAllocation done
Event: 200.613 Executing VM operation: ParallelGCFailedAllocation
Event: 200.614 Executing VM operation: ParallelGCFailedAllocation done


Dynamic libraries:
0x00007ff76b790000 - 0x00007ff76b7c7000 	C:\Program Files\Java\jre1.8.0_121\bin\javaw.exe
0x00007ffffa550000 - 0x00007ffffa730000 	C:\WINDOWS\SYSTEM32\ntdll.dll
0x00007ffff9aa0000 - 0x00007ffff9b4e000 	C:\WINDOWS\System32\KERNEL32.DLL
0x00007ffff6e30000 - 0x00007ffff7096000 	C:\WINDOWS\System32\KERNELBASE.dll
0x00007ffff83c0000 - 0x00007ffff8461000 	C:\WINDOWS\System32\ADVAPI32.dll
0x00007ffffa0a0000 - 0x00007ffffa13d000 	C:\WINDOWS\System32\msvcrt.dll
0x00007ffff8280000 - 0x00007ffff82db000 	C:\WINDOWS\System32\sechost.dll
0x00007ffffa400000 - 0x00007ffffa51f000 	C:\WINDOWS\System32\RPCRT4.dll
0x00007ffff80f0000 - 0x00007ffff827f000 	C:\WINDOWS\System32\USER32.dll
0x00007ffff6cf0000 - 0x00007ffff6d10000 	C:\WINDOWS\System32\win32u.dll
0x00007ffff7a20000 - 0x00007ffff7a48000 	C:\WINDOWS\System32\GDI32.dll
0x00007ffff69a0000 - 0x00007ffff6b33000 	C:\WINDOWS\System32\gdi32full.dll
0x00007ffff6d10000 - 0x00007ffff6dab000 	C:\WINDOWS\System32\msvcp_win.dll
0x00007ffff6b40000 - 0x00007ffff6c36000 	C:\WINDOWS\System32\ucrtbase.dll
0x00007fffe5700000 - 0x00007fffe5969000 	C:\WINDOWS\WinSxS\amd64_microsoft.windows.common-controls_6595b64144ccf1df_6.0.16299.125_none_15cbcf8893620c09\COMCTL32.dll
0x00007ffff9b50000 - 0x00007ffff9e58000 	C:\WINDOWS\System32\combase.dll
0x00007ffff6db0000 - 0x00007ffff6e22000 	C:\WINDOWS\System32\bcryptPrimitives.dll
0x00007ffff7f20000 - 0x00007ffff7f4d000 	C:\WINDOWS\System32\IMM32.DLL
0x0000000073280000 - 0x0000000073352000 	C:\Program Files\Java\jre1.8.0_121\bin\msvcr100.dll
0x0000000073510000 - 0x0000000073dab000 	C:\Program Files\Java\jre1.8.0_121\bin\server\jvm.dll
0x00007ffff9fe0000 - 0x00007ffff9fe8000 	C:\WINDOWS\System32\PSAPI.DLL
0x00007ffff4240000 - 0x00007ffff4249000 	C:\WINDOWS\SYSTEM32\WSOCK32.dll
0x00007ffff9920000 - 0x00007ffff998c000 	C:\WINDOWS\System32\WS2_32.dll
0x00007fffec6c0000 - 0x00007fffec6e3000 	C:\WINDOWS\SYSTEM32\WINMM.dll
0x00007fffe67e0000 - 0x00007fffe67ea000 	C:\WINDOWS\SYSTEM32\VERSION.dll
0x00007fffec660000 - 0x00007fffec68a000 	C:\WINDOWS\SYSTEM32\WINMMBASE.dll
0x00007ffff6950000 - 0x00007ffff699a000 	C:\WINDOWS\System32\cfgmgr32.dll
0x0000000073420000 - 0x000000007342f000 	C:\Program Files\Java\jre1.8.0_121\bin\verify.dll
0x00000000733f0000 - 0x0000000073419000 	C:\Program Files\Java\jre1.8.0_121\bin\java.dll
0x00000000733d0000 - 0x00000000733e6000 	C:\Program Files\Java\jre1.8.0_121\bin\zip.dll
0x00007ffff84d0000 - 0x00007ffff9906000 	C:\WINDOWS\System32\SHELL32.dll
0x00007ffff9ff0000 - 0x00007ffffa096000 	C:\WINDOWS\System32\shcore.dll
0x00007ffff70a0000 - 0x00007ffff77e7000 	C:\WINDOWS\System32\windows.storage.dll
0x00007ffff82e0000 - 0x00007ffff8331000 	C:\WINDOWS\System32\shlwapi.dll
0x00007ffff6930000 - 0x00007ffff6941000 	C:\WINDOWS\System32\kernel.appcore.dll
0x00007ffff68a0000 - 0x00007ffff68ec000 	C:\WINDOWS\System32\powrprof.dll
0x00007ffff6910000 - 0x00007ffff692b000 	C:\WINDOWS\System32\profapi.dll
0x00000000730e0000 - 0x0000000073278000 	C:\Program Files\Java\jre1.8.0_121\bin\awt.dll
0x00007ffffa140000 - 0x00007ffffa205000 	C:\WINDOWS\System32\OLEAUT32.dll
0x00007ffff4880000 - 0x00007ffff4908000 	C:\WINDOWS\SYSTEM32\apphelp.dll
0x00007ffff4960000 - 0x00007ffff49f5000 	C:\WINDOWS\system32\uxtheme.dll
0x00007ffff9e60000 - 0x00007ffff9fc7000 	C:\WINDOWS\System32\MSCTF.dll
0x00007fffe5d20000 - 0x00007fffe5dc9000 	C:\Program Files\Common Files\microsoft shared\ink\tiptsf.dll
0x00007ffff52b0000 - 0x00007ffff52da000 	C:\WINDOWS\system32\dwmapi.dll
0x00007ffffa2b0000 - 0x00007ffffa3f9000 	C:\WINDOWS\System32\ole32.dll
0x00007fffd6b60000 - 0x00007fffd6c7e000 	C:\WINDOWS\system32\opengl32.dll
0x00007fffeac30000 - 0x00007fffeac5c000 	C:\WINDOWS\SYSTEM32\GLU32.dll
0x0000000073e30000 - 0x0000000073e77000 	C:\Program Files\Java\jre1.8.0_121\bin\fontmanager.dll
0x00000000733b0000 - 0x00000000733ca000 	C:\Program Files\Java\jre1.8.0_121\bin\net.dll
0x00007ffff6130000 - 0x00007ffff6196000 	C:\WINDOWS\system32\mswsock.dll
0x0000000073390000 - 0x00000000733a1000 	C:\Program Files\Java\jre1.8.0_121\bin\nio.dll
0x00007fffc2f50000 - 0x00007fffc303f000 	C:\Program Files\Java\jre1.8.0_121\bin\msvcr120.dll
0x00007fffc3ec0000 - 0x00007fffc3f66000 	C:\Program Files\Java\jre1.8.0_121\bin\msvcp120.dll
0x0000000073e00000 - 0x0000000073e22000 	C:\Program Files\Java\jre1.8.0_121\bin\prism_d3d.dll
0x00007fffba3d0000 - 0x00007fffba565000 	C:\WINDOWS\system32\d3d9.dll
0x00007fff9dff0000 - 0x00007fffa1c15000 	C:\WINDOWS\System32\DriverStore\FileRepository\igdlh64.inf_amd64_82548830eadb8221\igdumdim64.dll
0x00007ffff7ab0000 - 0x00007ffff7efe000 	C:\WINDOWS\System32\SETUPAPI.dll
0x0000000073db0000 - 0x0000000073df3000 	C:\Program Files\Java\jre1.8.0_121\bin\glass.dll
0x00007ffff9990000 - 0x00007ffff9a9a000 	C:\WINDOWS\System32\COMDLG32.dll
0x00007fffe70a0000 - 0x00007fffe869e000 	C:\WINDOWS\System32\DriverStore\FileRepository\igdlh64.inf_amd64_82548830eadb8221\igc64.dll
0x00000000730c0000 - 0x00000000730d4000 	C:\Program Files\Java\jre1.8.0_121\bin\javafx_font.dll
0x00007fffe6d90000 - 0x00007fffe709f000 	C:\WINDOWS\SYSTEM32\dwrite.dll
0x00000000730a0000 - 0x00000000730b1000 	C:\Program Files\Java\jre1.8.0_121\bin\prism_common.dll
0x00007ffffa210000 - 0x00007ffffa2ae000 	C:\WINDOWS\System32\clbcatq.dll
0x00007fffeb950000 - 0x00007fffebafb000 	C:\WINDOWS\SYSTEM32\WindowsCodecs.dll
0x00007fffd70a0000 - 0x00007fffd70ef000 	C:\WINDOWS\system32\dataexchange.dll
0x00007ffff4520000 - 0x00007ffff4662000 	C:\WINDOWS\system32\dcomp.dll
0x00007ffff3a20000 - 0x00007ffff3d01000 	C:\WINDOWS\system32\d3d11.dll
0x00007ffff5710000 - 0x00007ffff57bf000 	C:\WINDOWS\system32\dxgi.dll
0x00007ffff5130000 - 0x00007ffff52ab000 	C:\WINDOWS\system32\twinapi.appcore.dll
0x00007ffff5350000 - 0x00007ffff5370000 	C:\WINDOWS\system32\RMCLIENT.dll
0x00007ffff6400000 - 0x00007ffff6425000 	C:\WINDOWS\system32\bcrypt.dll
0x0000000073050000 - 0x0000000073092000 	C:\Program Files\Java\jre1.8.0_121\bin\t2k.dll
0x00007ffff2110000 - 0x00007ffff21a8000 	C:\WINDOWS\System32\TextInputFramework.dll
0x00007ffff4140000 - 0x00007ffff421d000 	C:\WINDOWS\System32\CoreMessaging.dll
0x00007fffeb3d0000 - 0x00007fffeb6be000 	C:\WINDOWS\System32\CoreUIComponents.dll
0x00007ffff59e0000 - 0x00007ffff5a11000 	C:\WINDOWS\SYSTEM32\ntmarta.dll
0x00007ffff27e0000 - 0x00007ffff2916000 	C:\WINDOWS\SYSTEM32\wintypes.dll
0x00007fffe8c70000 - 0x00007fffe8e76000 	C:\Windows\System32\uiautomationcore.dll
0x00007ffff6700000 - 0x00007ffff679a000 	C:\WINDOWS\SYSTEM32\sxs.dll
0x00007fffe6890000 - 0x00007fffe68fe000 	C:\Windows\System32\OLEACC.dll
0x00007fffe6ab0000 - 0x00007fffe6b31000 	C:\WINDOWS\SYSTEM32\twinapi.dll
0x0000000180000000 - 0x0000000180050000 	C:\Users\Markus Danilow\Java Projects\VisNew\Visualizer\VisualizerBasic\lib\lwjgl-2.9.0\native\windows\lwjgl64.dll
0x0000000073040000 - 0x0000000073047000 	C:\Program Files\Java\jre1.8.0_121\bin\jawt.dll
0x00007fff96520000 - 0x00007fff973e2000 	C:\WINDOWS\System32\DriverStore\FileRepository\igdlh64.inf_amd64_82548830eadb8221\ig9icd64.dll
0x00007ffff4220000 - 0x00007ffff4233000 	C:\WINDOWS\SYSTEM32\WTSAPI32.dll
0x0000000073010000 - 0x000000007303a000 	C:\Program Files\Java\jre1.8.0_121\bin\dcpr.dll
0x00007ffff5f00000 - 0x00007ffff5fb6000 	C:\WINDOWS\SYSTEM32\DNSAPI.dll
0x00007ffff9910000 - 0x00007ffff9918000 	C:\WINDOWS\System32\NSI.dll
0x00007ffff5ec0000 - 0x00007ffff5ef9000 	C:\WINDOWS\SYSTEM32\IPHLPAPI.DLL
0x00007fffed290000 - 0x00007fffed29a000 	C:\Windows\System32\rasadhlp.dll
0x00007fffedf90000 - 0x00007fffee000000 	C:\WINDOWS\System32\fwpuclnt.dll
0x00007ffff6300000 - 0x00007ffff6317000 	C:\WINDOWS\SYSTEM32\CRYPTSP.dll
0x00007ffff5d40000 - 0x00007ffff5d73000 	C:\WINDOWS\system32\rsaenh.dll
0x00007ffff67d0000 - 0x00007ffff67f9000 	C:\WINDOWS\SYSTEM32\USERENV.dll
0x00007ffff62f0000 - 0x00007ffff62fb000 	C:\WINDOWS\SYSTEM32\CRYPTBASE.dll
0x00007ffff0920000 - 0x00007ffff0936000 	C:\WINDOWS\SYSTEM32\dhcpcsvc6.DLL
0x00007ffff16d0000 - 0x00007ffff16ea000 	C:\WINDOWS\SYSTEM32\dhcpcsvc.DLL
0x00007fffd64d0000 - 0x00007fffd6576000 	C:\WINDOWS\WinSxS\amd64_microsoft.windows.common-controls_6595b64144ccf1df_5.82.16299.125_none_88782a244abc4c60\comctl32.dll
0x00007fffed340000 - 0x00007fffed359000 	C:\WINDOWS\SYSTEM32\CLDAPI.dll
0x00007fffed330000 - 0x00007fffed33a000 	C:\WINDOWS\SYSTEM32\FLTLIB.DLL
0x00007fffed2e0000 - 0x00007fffed324000 	C:\WINDOWS\SYSTEM32\AEPIC.dll
0x00007ffff4d90000 - 0x00007ffff4f41000 	C:\WINDOWS\system32\propsys.dll
0x00007fffaadf0000 - 0x00007fffaaf17000 	C:\WINDOWS\system32\NetworkExplorer.dll
0x00007fffe92b0000 - 0x00007fffe98a4000 	C:\Windows\System32\OneCoreUAPCommonProxyStub.dll
0x00007fffd6b00000 - 0x00007fffd6b5b000 	C:\Windows\System32\thumbcache.dll
0x00007fffe5560000 - 0x00007fffe557b000 	C:\WINDOWS\SYSTEM32\MPR.dll
0x00007fffd9740000 - 0x00007fffd974b000 	C:\WINDOWS\System32\drprov.dll
0x00007ffff5a80000 - 0x00007ffff5ad5000 	C:\WINDOWS\System32\WINSTA.dll
0x00007fffc3dc0000 - 0x00007fffc3dd6000 	C:\WINDOWS\System32\ntlanman.dll
0x00007fffc03f0000 - 0x00007fffc040c000 	C:\WINDOWS\System32\davclnt.dll
0x00007fffd8830000 - 0x00007fffd883c000 	C:\WINDOWS\System32\DAVHLPR.dll
0x00007ffff2780000 - 0x00007ffff2797000 	C:\WINDOWS\System32\wkscli.dll
0x00007fffe5540000 - 0x00007fffe5552000 	C:\WINDOWS\SYSTEM32\cscapi.dll
0x00007ffff5fc0000 - 0x00007ffff5fce000 	C:\WINDOWS\System32\netutils.dll
0x00007fffc5880000 - 0x00007fffc58ca000 	C:\Windows\System32\dlnashext.dll
0x00007fffea080000 - 0x00007fffea0e3000 	C:\Windows\System32\PlayToDevice.dll
0x00007ffff1e60000 - 0x00007ffff1e7f000 	C:\Windows\System32\DevDispItemProvider.dll
0x00007fffee5e0000 - 0x00007fffee64f000 	C:\WINDOWS\System32\MMDevApi.dll
0x00007ffff66b0000 - 0x00007ffff66d7000 	C:\WINDOWS\System32\DEVOBJ.dll
0x00007ffff1e40000 - 0x00007ffff1e4b000 	C:\WINDOWS\SYSTEM32\WINNSI.DLL
0x00007ffff3210000 - 0x00007ffff324a000 	C:\WINDOWS\System32\netprofm.dll
0x00007ffff0500000 - 0x00007ffff050e000 	C:\WINDOWS\System32\npmproxy.dll
0x00007fffac340000 - 0x00007fffac51f000 	C:\WINDOWS\system32\wpdshext.dll
0x00007fffcf560000 - 0x00007fffcf6fc000 	C:\WINDOWS\WinSxS\amd64_microsoft.windows.gdiplus_6595b64144ccf1df_1.1.16299.125_none_46b6c26dedf485d7\gdiplus.dll
0x00007fffc96f0000 - 0x00007fffc9790000 	C:\Windows\System32\PortableDeviceApi.dll
0x00007ffff79c0000 - 0x00007ffff7a18000 	C:\WINDOWS\System32\WINTRUST.dll
0x00007ffff68f0000 - 0x00007ffff6902000 	C:\WINDOWS\System32\MSASN1.dll

VM Arguments:
jvm_args: -Djava.library.path=C:\Users\Markus Danilow\Java Projects\VisNew\Visualizer\VisualizerBasic\lib\lwjgl-2.9.0\native\windows;C:\Users\Markus Danilow\Java Projects\VisNew\Visualizer\VisualizerBasic\lib\lwjgl-2.9.0\native\windows -Dfile.encoding=UTF-8 
java_command: vis.main.VisApplication
java_class_path (initial): C:\Users\Markus Danilow\Java Projects\VisNew\Visualizer\VisProject\bin;C:\Users\Markus Danilow\Java Projects\VisNew\Visualizer\VisualizerBasic\bin;C:\Users\Markus Danilow\Java Projects\VisNew\Visualizer\CommonResources\bin;C:\Users\Markus Danilow\Java Projects\VisNew\Visualizer\GenerationAlgorithms\bin;C:\Users\Markus Danilow\Java Projects\VisNew\Visualizer\GenerationAlgorithms\lib\gson-2.2.4.jar;C:\Users\Markus Danilow\Java Projects\VisNew\Visualizer\VisualizerBasic\lib\ini4j-0.5.4-jdk14.jar;C:\Users\Markus Danilow\Java Projects\VisNew\Visualizer\VisualizerBasic\lib\ini4j-0.5.4.jar;C:\Users\Markus Danilow\Java Projects\VisNew\Visualizer\VisualizerBasic\lib\slick-util.jar;C:\Users\Markus Danilow\Java Projects\VisNew\Visualizer\VisualizerBasic\lib\slick.jar;C:\Users\Markus Danilow\Java Projects\VisNew\Visualizer\VisualizerBasic\lib\lwjgl-2.9.0\jar\AppleJavaExtensions.jar;C:\Users\Markus Danilow\Java Projects\VisNew\Visualizer\VisualizerBasic\lib\lwjgl-2.9.0\jar\asm-debug-all.jar;C:\Users\Markus Danilow\Java Projects\VisNew\Visualizer\VisualizerBasic\lib\lwjgl-2.9.0\jar\jinput.jar;C:\Users\Markus Danilow\Java Projects\VisNew\Visualizer\VisualizerBasic\lib\lwjgl-2.9.0\jar\lwjgl_test.jar;C:\Users\Markus Danilow\Java Projects\VisNew\Visualizer\VisualizerBasic\lib\lwjgl-2.9.0\jar\lwjgl_util_applet.jar;C:\Users\Markus Danilow\Java Projects\VisNew\Visualizer\VisualizerBasic\lib\lwjgl-2.9.0\jar\lwjgl_util.jar;C:\Users\Markus Danilow\Java Projects\VisNew\Visualizer\VisualizerBasic\lib\lwjgl-2.9.0\jar\lwjgl-debug.jar;C:\Users\Markus Danilow\Java Projects\VisNew\Visualizer\VisualizerBasic\lib\lwjgl-2.9.0\jar\lwjgl.jar;C:\Users\Markus Danilow\Java Projects\VisNew\Visualizer\VisualizerBasic\lib\lwjgl-2.9.0\jar\lzma.jar;C:\Users\Markus Danilow\Java Projects\VisNew\Visualizer\VisualizerBasic\lib\gson-2.2.4.jar;C:\Users\Markus Danilow\Java Projects\VisNew\Visualizer\VisProject\lib\jsch-0.1.54.jar;C:\Users\Markus Danilow\Java Projects\VisNew\Visualizer\Vi
Launcher Type: SUN_STANDARD

Environment Variables:
PATH=C:/Program Files/Java/jre1.8.0_121/bin/server;C:/Program Files/Java/jre1.8.0_121/bin;C:/Program Files/Java/jre1.8.0_121/lib/amd64;C:\ProgramData\Oracle\Java\javapath;C:\Program Files (x86)\Intel\iCLS Client\;C:\Program Files\Intel\iCLS Client\;C:\WINDOWS\system32;C:\WINDOWS;C:\WINDOWS\System32\Wbem;C:\WINDOWS\System32\WindowsPowerShell\v1.0\;C:\Program Files (x86)\Intel\Intel(R) Management Engine Components\DAL;C:\Program Files\Intel\Intel(R) Management Engine Components\DAL;C:\Program Files (x86)\Intel\Intel(R) Management Engine Components\IPT;C:\Program Files\Intel\Intel(R) Management Engine Components\IPT;C:\Program Files (x86)\Windows Kits\10\Windows Performance Toolkit\;C:\Program Files\Microsoft SQL Server\130\Tools\Binn\;C:\Program Files (x86)\GtkSharp\2.12\bin;C:\Program Files\nodejs\;C:\Program Files\Git\cmd;C:\Program Files (x86)\Skype\Phone\;C:\xampp\php;C:\composer;C:\Program Files\PuTTY\;C:\Users\Markus Danilow\AppData\Local\Microsoft\WindowsApps;C:\Users\Markus Danilow\AppData\Roaming\npm;C:\Users\Markus Danilow\AppData\Local\GitHubDesktop\bin;C:\Users\Markus Danilow\AppData\Roaming\Composer\vendor\bin;C:\Users\Markus Danilow\AppData\Local\Microsoft\WindowsApps;;C:\WINDOWS\System32;
USERNAME=Markus Danilow
OS=Windows_NT
PROCESSOR_IDENTIFIER=Intel64 Family 6 Model 78 Stepping 3, GenuineIntel



---------------  S Y S T E M  ---------------

OS: Windows 10.0 , 64 bit Build 16299 (10.0.16299.15)

CPU:total 4 (2 cores per cpu, 2 threads per core) family 6 model 78 stepping 3, cmov, cx8, fxsr, mmx, sse, sse2, sse3, ssse3, sse4.1, sse4.2, popcnt, avx, avx2, aes, clmul, erms, 3dnowpref, lzcnt, ht, tsc, tscinvbit, bmi1, bmi2, adx

Memory: 4k page, physical 4072352k(439932k free), swap 9422716k(1709112k free)

vm_info: Java HotSpot(TM) 64-Bit Server VM (25.121-b13) for windows-amd64 JRE (1.8.0_121-b13), built on Dec 12 2016 18:21:36 by "java_re" with MS VC++ 10.0 (VS2010)

time: Tue Dec 19 15:23:31 2017
elapsed time: 201 seconds (0d 0h 3m 21s)

